[ 2025-01-08 20:29:50,063 ] 12 src.logger.custom_logging - INFO - >>>>>> stage Data Ingestion stage started <<<<<<
[ 2025-01-08 20:29:50,064 ] 45 src.logger.custom_logging - INFO - yaml file: config/config.yaml loaded successfully
[ 2025-01-08 20:29:50,065 ] 45 src.logger.custom_logging - INFO - yaml file: params.yaml loaded successfully
[ 2025-01-08 20:29:50,065 ] 65 src.logger.custom_logging - INFO - created directory at: artifacts/data_ingestion
[ 2025-01-08 20:29:50,065 ] 14 src.logger.custom_logging - INFO - Data Ingestion Started
[ 2025-01-08 20:29:56,195 ] 25 src.logger.custom_logging - INFO - Data Ingestion finished
[ 2025-01-08 20:29:56,197 ] 15 src.logger.custom_logging - INFO - >>>>>> stage Data Ingestion stage completed <<<<<<

x==========x
[ 2025-01-08 20:29:56,197 ] 12 src.logger.custom_logging - INFO - >>>>>> stage Data Transformation stage started <<<<<<
[ 2025-01-08 20:29:56,198 ] 45 src.logger.custom_logging - INFO - yaml file: config/config.yaml loaded successfully
[ 2025-01-08 20:29:56,198 ] 45 src.logger.custom_logging - INFO - yaml file: params.yaml loaded successfully
[ 2025-01-08 20:29:56,198 ] 65 src.logger.custom_logging - INFO - created directory at: artifacts/data_transformation
[ 2025-01-08 20:29:56,198 ] 20 src.logger.custom_logging - INFO - Creating data transformation pipeline
[ 2025-01-08 20:29:57,014 ] 20 src.logger.custom_logging - INFO - Creating data transformation pipeline
[ 2025-01-08 20:30:07,160 ] 15 src.logger.custom_logging - INFO - >>>>>> stage Data Transformation stage completed <<<<<<

x==========x
[ 2025-01-08 20:30:07,160 ] 12 src.logger.custom_logging - INFO - >>>>>> stage Model Trainer stage started <<<<<<
[ 2025-01-08 20:30:07,162 ] 45 src.logger.custom_logging - INFO - yaml file: config/config.yaml loaded successfully
[ 2025-01-08 20:30:07,162 ] 45 src.logger.custom_logging - INFO - yaml file: params.yaml loaded successfully
[ 2025-01-08 20:30:07,162 ] 65 src.logger.custom_logging - INFO - created directory at: artifacts/model_trainer
[ 2025-01-08 20:30:24,466 ] 15 src.logger.custom_logging - INFO - >>>>>> stage Model Trainer stage completed <<<<<<

x==========x
[ 2025-01-08 20:30:24,467 ] 12 src.logger.custom_logging - INFO - >>>>>> stage Model Evaluation stage started <<<<<<
[ 2025-01-08 20:30:24,468 ] 45 src.logger.custom_logging - INFO - yaml file: config/config.yaml loaded successfully
[ 2025-01-08 20:30:24,468 ] 45 src.logger.custom_logging - INFO - yaml file: params.yaml loaded successfully
[ 2025-01-08 20:30:24,468 ] 65 src.logger.custom_logging - INFO - created directory at: artifacts/model_evaluation
[ 2025-01-08 20:30:25,382 ] 26 src.logger.custom_logging - INFO - json file saved at: artifacts/model_evaluation/metrics.json
[ 2025-01-08 20:30:30,895 ] 15 src.logger.custom_logging - INFO - >>>>>> stage Model Evaluation stage completed <<<<<<

x==========x
